<?xml version="1.0" encoding="UTF-8" standalone="no"?>
<testsuite errors="0" failures="1" name="io.cucumber.core.plugin.JUnitFormatter" skipped="0" tests="1" time="0.208">
<testcase classname="Glb Trader" name="All sublinks of  Computer  &amp; Office must forward a customer to the true pages." time="0.08">
<failure message="Step [go to the link] is defined with 1 parameters at 'glbTrader.stepdefinitions.CompeterOfficeStepDefinition.go_to_the_link(java.lang.Integer)'.&#10;However, the gherkin step has 0 arguments.&#10;Step text: go to the link" type="io.cucumber.core.exception.CucumberException"><![CDATA[Given go to the link........................................................failed
And Please enter valid e-mail address.......................................skipped
And Please enter the valid password.........................................skipped
And Click Login  Button.....................................................skipped
And Click "GLOBAL TRADER" logo..............................................skipped
And Click on the Computer & Office link.....................................skipped
And Tablets link must be clickable..........................................skipped
And Office Electroniccs link must be clickable..............................skipped
And Tablet Accessories link must be clickable...............................skipped
And External Storage link must be clickable.................................skipped
And Networking link must be clickable.......................................skipped
And Computer Components link must be clickable..............................skipped
And Computer Perpherals link must be clickable..............................skipped
And Memory Cards &SSD  link must be clickable...............................skipped
And Cable & Connectors link must be clickable...............................skipped
And Mini PC  link must be clickable. 18. Demo...............................skipped
And Demo Board & Accessories  link must be clickable........................skipped
And Desktops & Servers  link must be clickable..............................skipped
And Industrial Computer & Accessories link must be clickable................skipped
And DIY Gaming PC link must be clickable....................................skipped
And Computer Cleaners link must be clickable................................skipped
Then Gaming Laptops link must be clickable..................................skipped

StackTrace:
io.cucumber.core.exception.CucumberException: Step [go to the link] is defined with 1 parameters at 'glbTrader.stepdefinitions.CompeterOfficeStepDefinition.go_to_the_link(java.lang.Integer)'.
However, the gherkin step has 0 arguments.
Step text: go to the link
	at io.cucumber.core.runner.PickleStepDefinitionMatch.arityMismatch(PickleStepDefinitionMatch.java:134)
	at io.cucumber.core.runner.PickleStepDefinitionMatch.runStep(PickleStepDefinitionMatch.java:42)
	at io.cucumber.core.runner.TestStep.executeStep(TestStep.java:64)
	at io.cucumber.core.runner.TestStep.run(TestStep.java:49)
	at io.cucumber.core.runner.PickleStepTestStep.run(PickleStepTestStep.java:46)
	at io.cucumber.core.runner.TestCase.run(TestCase.java:51)
	at io.cucumber.core.runner.Runner.runPickle(Runner.java:67)
	at io.cucumber.junit.PickleRunners$NoStepDescriptions.run(PickleRunners.java:149)
	at io.cucumber.junit.FeatureRunner.runChild(FeatureRunner.java:83)
	at io.cucumber.junit.FeatureRunner.runChild(FeatureRunner.java:24)
	at org.junit.runners.ParentRunner$4.run(ParentRunner.java:331)
	at org.junit.runners.ParentRunner$1.schedule(ParentRunner.java:79)
	at org.junit.runners.ParentRunner.runChildren(ParentRunner.java:329)
	at org.junit.runners.ParentRunner.access$100(ParentRunner.java:66)
	at org.junit.runners.ParentRunner$2.evaluate(ParentRunner.java:293)
	at org.junit.runners.ParentRunner$3.evaluate(ParentRunner.java:306)
	at org.junit.runners.ParentRunner.run(ParentRunner.java:413)
	at io.cucumber.junit.Cucumber.runChild(Cucumber.java:185)
	at io.cucumber.junit.Cucumber.runChild(Cucumber.java:83)
	at org.junit.runners.ParentRunner$4.run(ParentRunner.java:331)
	at org.junit.runners.ParentRunner$1.schedule(ParentRunner.java:79)
	at org.junit.runners.ParentRunner.runChildren(ParentRunner.java:329)
	at org.junit.runners.ParentRunner.access$100(ParentRunner.java:66)
	at org.junit.runners.ParentRunner$2.evaluate(ParentRunner.java:293)
	at io.cucumber.junit.Cucumber$RunCucumber.evaluate(Cucumber.java:219)
	at org.junit.runners.ParentRunner$3.evaluate(ParentRunner.java:306)
	at org.junit.runners.ParentRunner.run(ParentRunner.java:413)
	at org.junit.runner.JUnitCore.run(JUnitCore.java:137)
	at com.intellij.junit4.JUnit4IdeaTestRunner.startRunnerWithArgs(JUnit4IdeaTestRunner.java:68)
	at com.intellij.rt.junit.IdeaTestRunner$Repeater.startRunnerWithArgs(IdeaTestRunner.java:33)
	at com.intellij.rt.junit.JUnitStarter.prepareStreamsAndStart(JUnitStarter.java:230)
	at com.intellij.rt.junit.JUnitStarter.main(JUnitStarter.java:58)
]]></failure>
</testcase>
</testsuite>
